<?xml version="1.0" encoding="UTF-8"?>
<testng-results skipped="0" failed="0" ignored="0" total="1" passed="1">
  <reporter-output>
  </reporter-output>
  <suite name="Default suite" duration-ms="4841" started-at="2019-04-18T07:26:36Z" finished-at="2019-04-18T07:26:40Z">
    <groups>
    </groups>
    <test name="Default test" duration-ms="4841" started-at="2019-04-18T07:26:36Z" finished-at="2019-04-18T07:26:40Z">
      <class name="com.comparatortest.test.TestCompareResponses">
        <test-method status="PASS" signature="compare()[pri:0, instance:com.comparatortest.test.TestCompareResponses@724af044]" name="compare" duration-ms="4807" started-at="2019-04-18T12:56:36Z" finished-at="2019-04-18T12:56:40Z">
          <reporter-output>
          </reporter-output>
        </test-method> <!-- compare -->
      </class> <!-- com.comparatortest.test.TestCompareResponses -->
    </test> <!-- Default test -->
  </suite> <!-- Default suite -->
</testng-results>
