<?xml version="1.0" encoding="UTF-8"?>
<testng-results skipped="0" failed="0" ignored="0" total="1" passed="1">
  <reporter-output>
  </reporter-output>
  <suite name="Default suite" duration-ms="6640" started-at="2019-04-19T07:15:26Z" finished-at="2019-04-19T07:15:32Z">
    <groups>
    </groups>
    <test name="Default test" duration-ms="6640" started-at="2019-04-19T07:15:26Z" finished-at="2019-04-19T07:15:32Z">
      <class name="com.comparatortest.test.TestCompareResponses">
        <test-method status="PASS" signature="testcompare()[pri:0, instance:com.comparatortest.test.TestCompareResponses@2473d930]" name="testcompare" duration-ms="6608" started-at="2019-04-19T12:45:26Z" finished-at="2019-04-19T12:45:32Z">
          <reporter-output>
          </reporter-output>
        </test-method> <!-- testcompare -->
      </class> <!-- com.comparatortest.test.TestCompareResponses -->
    </test> <!-- Default test -->
  </suite> <!-- Default suite -->
</testng-results>
